<?xml version="1.0" encoding="UTF-8"?>
<robot generator="Robot 3.0.3 (Python 3.6.4 on win32)" generated="20180428 00:29:24.085">
<suite id="s1" name="Senior Test" source="F:\Senior_proj\Project\tests\senior_test.robot">
<kw name="Start Django and open Browser" type="setup">
<kw name="Open Browser" library="Selenium2Library">
<doc>Opens a new browser instance to the given ``url``.</doc>
<arguments>
<arg>${SERVER}</arg>
<arg>${BROWSER}</arg>
</arguments>
<msg timestamp="20180428 00:29:24.290" level="INFO">Opening browser 'Chrome' to base url 'http://127.0.0.1:8000/'.</msg>
<status status="PASS" starttime="20180428 00:29:24.290" endtime="20180428 00:29:28.866"></status>
</kw>
<kw name="Maximize Browser Window" library="Selenium2Library">
<doc>Maximizes current browser window.</doc>
<status status="PASS" starttime="20180428 00:29:28.866" endtime="20180428 00:29:30.002"></status>
</kw>
<status status="PASS" starttime="20180428 00:29:24.290" endtime="20180428 00:29:30.003"></status>
</kw>
<test id="s1-t1" name="As a visitor I can visit the django default page">
<kw name="Input Text" library="Selenium2Library">
<doc>Types the given ``text`` into text field identified by ``locator``.</doc>
<arguments>
<arg>name=username</arg>
<arg>${USER}</arg>
</arguments>
<msg timestamp="20180428 00:29:30.011" level="INFO">Typing text 'bundit' into text field 'name=username'.</msg>
<status status="PASS" starttime="20180428 00:29:30.009" endtime="20180428 00:29:30.216"></status>
</kw>
<kw name="Input Text" library="Selenium2Library">
<doc>Types the given ``text`` into text field identified by ``locator``.</doc>
<arguments>
<arg>name=password</arg>
<arg>${PASS}</arg>
</arguments>
<msg timestamp="20180428 00:29:30.219" level="INFO">Typing text 'ad123456' into text field 'name=password'.</msg>
<status status="PASS" starttime="20180428 00:29:30.218" endtime="20180428 00:29:30.356"></status>
</kw>
<kw name="Click Element" library="Selenium2Library">
<doc>Click element identified by ``locator``.</doc>
<arguments>
<arg>id=btn_login</arg>
</arguments>
<msg timestamp="20180428 00:29:30.357" level="INFO">Clicking element 'id=btn_login'.</msg>
<status status="PASS" starttime="20180428 00:29:30.356" endtime="20180428 00:29:34.264"></status>
</kw>
<kw name="Sleep" library="BuiltIn">
<doc>Pauses the test executed for the given time.</doc>
<arguments>
<arg>${ONESECOND}</arg>
</arguments>
<msg timestamp="20180428 00:29:35.276" level="INFO">Slept 1 second</msg>
<status status="PASS" starttime="20180428 00:29:34.265" endtime="20180428 00:29:35.276"></status>
</kw>
<status status="PASS" starttime="20180428 00:29:30.004" endtime="20180428 00:29:35.276" critical="yes"></status>
</test>
<test id="s1-t2" name="visit manage_page before create schedule room">
<kw name="Click Link" library="Selenium2Library">
<doc>Clicks a link identified by ``locator``.</doc>
<arguments>
<arg>link=จัดห้องสอบ</arg>
</arguments>
<msg timestamp="20180428 00:29:35.276" level="INFO">Clicking link 'link=จัดห้องสอบ'.</msg>
<status status="PASS" starttime="20180428 00:29:35.276" endtime="20180428 00:29:35.666"></status>
</kw>
<kw name="Sleep" library="BuiltIn">
<doc>Pauses the test executed for the given time.</doc>
<arguments>
<arg>${ONESECOND}</arg>
</arguments>
<msg timestamp="20180428 00:29:36.674" level="INFO">Slept 1 second</msg>
<status status="PASS" starttime="20180428 00:29:35.666" endtime="20180428 00:29:36.674"></status>
</kw>
<status status="PASS" starttime="20180428 00:29:35.276" endtime="20180428 00:29:36.674" critical="yes"></status>
</test>
<test id="s1-t3" name="create schedule room">
<kw name="Click Button" library="Selenium2Library">
<doc>Clicks button identified by ``locator``.</doc>
<arguments>
<arg>ล้างข้อมูล</arg>
</arguments>
<msg timestamp="20180428 00:29:36.674" level="INFO">Clicking button 'ล้างข้อมูล'.</msg>
<status status="PASS" starttime="20180428 00:29:36.674" endtime="20180428 00:29:37.136"></status>
</kw>
<kw name="Generate room">
<arguments>
<arg>${DATE1}</arg>
<arg>M03</arg>
<arg>0</arg>
<arg>Software Development</arg>
</arguments>
<kw name="Focus" library="Selenium2Library">
<doc>Deprecated. Use `Set Focus To Element` instead.</doc>
<arguments>
<arg>jquery=[name=date_selected]</arg>
</arguments>
<status status="PASS" starttime="20180428 00:29:37.138" endtime="20180428 00:29:37.188"></status>
</kw>
<kw name="Clear Element Text" library="Selenium2Library">
<doc>Clears the value of text entry element identified by ``locator``.</doc>
<arguments>
<arg>xpath=//input[@name='date_selected']</arg>
</arguments>
<status status="PASS" starttime="20180428 00:29:37.188" endtime="20180428 00:29:37.229"></status>
</kw>
<kw name="Press Key" library="Selenium2Library">
<doc>Simulates user pressing key on element identified by ``locator``.</doc>
<arguments>
<arg>jquery=[name=date_selected]</arg>
<arg>${date}</arg>
</arguments>
<status status="PASS" starttime="20180428 00:29:37.229" endtime="20180428 00:29:37.382"></status>
</kw>
<kw name="Select From List By Label" library="Selenium2Library">
<doc>Selects options from selection list ``locator`` by ``labels``.</doc>
<arguments>
<arg>xpath=//select[@name="room_selected"]</arg>
<arg>${room}</arg>
</arguments>
<msg timestamp="20180428 00:29:37.383" level="INFO">Selecting options from selection list 'xpath=//select[@name="room_selected"]' by label M03.</msg>
<status status="PASS" starttime="20180428 00:29:37.383" endtime="20180428 00:29:37.461"></status>
</kw>
<kw name="Select From List By Value" library="Selenium2Library">
<doc>Selects options from selection list ``locator`` by ``values``.</doc>
<arguments>
<arg>xpath=//select[@name="period_selected"]</arg>
<arg>${period}</arg>
</arguments>
<msg timestamp="20180428 00:29:37.461" level="INFO">Selecting options from selection list 'xpath=//select[@name="period_selected"]' by value 0.</msg>
<status status="PASS" starttime="20180428 00:29:37.461" endtime="20180428 00:29:37.524"></status>
</kw>
<kw name="Select From List By Label" library="Selenium2Library">
<doc>Selects options from selection list ``locator`` by ``labels``.</doc>
<arguments>
<arg>xpath=//select[@name="major_selected"]</arg>
<arg>${major}</arg>
</arguments>
<msg timestamp="20180428 00:29:37.524" level="INFO">Selecting options from selection list 'xpath=//select[@name="major_selected"]' by label Software Development.</msg>
<status status="PASS" starttime="20180428 00:29:37.524" endtime="20180428 00:29:37.622"></status>
</kw>
<kw name="Click Button" library="Selenium2Library">
<doc>Clicks button identified by ``locator``.</doc>
<arguments>
<arg>สร้างตาราง</arg>
</arguments>
<msg timestamp="20180428 00:29:37.623" level="INFO">Clicking button 'สร้างตาราง'.</msg>
<status status="PASS" starttime="20180428 00:29:37.623" endtime="20180428 00:29:38.348"></status>
</kw>
<status status="PASS" starttime="20180428 00:29:37.137" endtime="20180428 00:29:38.349"></status>
</kw>
<kw name="Generate room">
<arguments>
<arg>${DATE1}</arg>
<arg>M04</arg>
<arg>0</arg>
<arg>Software Development</arg>
</arguments>
<kw name="Focus" library="Selenium2Library">
<doc>Deprecated. Use `Set Focus To Element` instead.</doc>
<arguments>
<arg>jquery=[name=date_selected]</arg>
</arguments>
<status status="PASS" starttime="20180428 00:29:38.350" endtime="20180428 00:29:38.397"></status>
</kw>
<kw name="Clear Element Text" library="Selenium2Library">
<doc>Clears the value of text entry element identified by ``locator``.</doc>
<arguments>
<arg>xpath=//input[@name='date_selected']</arg>
</arguments>
<status status="PASS" starttime="20180428 00:29:38.397" endtime="20180428 00:29:38.442"></status>
</kw>
<kw name="Press Key" library="Selenium2Library">
<doc>Simulates user pressing key on element identified by ``locator``.</doc>
<arguments>
<arg>jquery=[name=date_selected]</arg>
<arg>${date}</arg>
</arguments>
<status status="PASS" starttime="20180428 00:29:38.443" endtime="20180428 00:29:38.602"></status>
</kw>
<kw name="Select From List By Label" library="Selenium2Library">
<doc>Selects options from selection list ``locator`` by ``labels``.</doc>
<arguments>
<arg>xpath=//select[@name="room_selected"]</arg>
<arg>${room}</arg>
</arguments>
<msg timestamp="20180428 00:29:38.605" level="INFO">Selecting options from selection list 'xpath=//select[@name="room_selected"]' by label M04.</msg>
<status status="PASS" starttime="20180428 00:29:38.604" endtime="20180428 00:29:38.715"></status>
</kw>
<kw name="Select From List By Value" library="Selenium2Library">
<doc>Selects options from selection list ``locator`` by ``values``.</doc>
<arguments>
<arg>xpath=//select[@name="period_selected"]</arg>
<arg>${period}</arg>
</arguments>
<msg timestamp="20180428 00:29:38.716" level="INFO">Selecting options from selection list 'xpath=//select[@name="period_selected"]' by value 0.</msg>
<status status="PASS" starttime="20180428 00:29:38.715" endtime="20180428 00:29:38.791"></status>
</kw>
<kw name="Select From List By Label" library="Selenium2Library">
<doc>Selects options from selection list ``locator`` by ``labels``.</doc>
<arguments>
<arg>xpath=//select[@name="major_selected"]</arg>
<arg>${major}</arg>
</arguments>
<msg timestamp="20180428 00:29:38.791" level="INFO">Selecting options from selection list 'xpath=//select[@name="major_selected"]' by label Software Development.</msg>
<status status="PASS" starttime="20180428 00:29:38.791" endtime="20180428 00:29:38.902"></status>
</kw>
<kw name="Click Button" library="Selenium2Library">
<doc>Clicks button identified by ``locator``.</doc>
<arguments>
<arg>สร้างตาราง</arg>
</arguments>
<msg timestamp="20180428 00:29:38.903" level="INFO">Clicking button 'สร้างตาราง'.</msg>
<status status="PASS" starttime="20180428 00:29:38.903" endtime="20180428 00:29:39.592"></status>
</kw>
<status status="PASS" starttime="20180428 00:29:38.349" endtime="20180428 00:29:39.593"></status>
</kw>
<kw name="Generate room">
<arguments>
<arg>${DATE1}</arg>
<arg>M03</arg>
<arg>1</arg>
<arg>Software Development</arg>
</arguments>
<kw name="Focus" library="Selenium2Library">
<doc>Deprecated. Use `Set Focus To Element` instead.</doc>
<arguments>
<arg>jquery=[name=date_selected]</arg>
</arguments>
<status status="PASS" starttime="20180428 00:29:39.594" endtime="20180428 00:29:39.633"></status>
</kw>
<kw name="Clear Element Text" library="Selenium2Library">
<doc>Clears the value of text entry element identified by ``locator``.</doc>
<arguments>
<arg>xpath=//input[@name='date_selected']</arg>
</arguments>
<status status="PASS" starttime="20180428 00:29:39.633" endtime="20180428 00:29:39.678"></status>
</kw>
<kw name="Press Key" library="Selenium2Library">
<doc>Simulates user pressing key on element identified by ``locator``.</doc>
<arguments>
<arg>jquery=[name=date_selected]</arg>
<arg>${date}</arg>
</arguments>
<status status="PASS" starttime="20180428 00:29:39.678" endtime="20180428 00:29:39.891"></status>
</kw>
<kw name="Select From List By Label" library="Selenium2Library">
<doc>Selects options from selection list ``locator`` by ``labels``.</doc>
<arguments>
<arg>xpath=//select[@name="room_selected"]</arg>
<arg>${room}</arg>
</arguments>
<msg timestamp="20180428 00:29:39.892" level="INFO">Selecting options from selection list 'xpath=//select[@name="room_selected"]' by label M03.</msg>
<status status="PASS" starttime="20180428 00:29:39.892" endtime="20180428 00:29:39.959"></status>
</kw>
<kw name="Select From List By Value" library="Selenium2Library">
<doc>Selects options from selection list ``locator`` by ``values``.</doc>
<arguments>
<arg>xpath=//select[@name="period_selected"]</arg>
<arg>${period}</arg>
</arguments>
<msg timestamp="20180428 00:29:39.959" level="INFO">Selecting options from selection list 'xpath=//select[@name="period_selected"]' by value 1.</msg>
<status status="PASS" starttime="20180428 00:29:39.959" endtime="20180428 00:29:40.047"></status>
</kw>
<kw name="Select From List By Label" library="Selenium2Library">
<doc>Selects options from selection list ``locator`` by ``labels``.</doc>
<arguments>
<arg>xpath=//select[@name="major_selected"]</arg>
<arg>${major}</arg>
</arguments>
<msg timestamp="20180428 00:29:40.048" level="INFO">Selecting options from selection list 'xpath=//select[@name="major_selected"]' by label Software Development.</msg>
<status status="PASS" starttime="20180428 00:29:40.048" endtime="20180428 00:29:40.144"></status>
</kw>
<kw name="Click Button" library="Selenium2Library">
<doc>Clicks button identified by ``locator``.</doc>
<arguments>
<arg>สร้างตาราง</arg>
</arguments>
<msg timestamp="20180428 00:29:40.145" level="INFO">Clicking button 'สร้างตาราง'.</msg>
<status status="PASS" starttime="20180428 00:29:40.145" endtime="20180428 00:29:40.919"></status>
</kw>
<status status="PASS" starttime="20180428 00:29:39.594" endtime="20180428 00:29:40.919"></status>
</kw>
<kw name="Generate room">
<arguments>
<arg>${DATE1}</arg>
<arg>M04</arg>
<arg>1</arg>
<arg>Software Development</arg>
</arguments>
<kw name="Focus" library="Selenium2Library">
<doc>Deprecated. Use `Set Focus To Element` instead.</doc>
<arguments>
<arg>jquery=[name=date_selected]</arg>
</arguments>
<status status="PASS" starttime="20180428 00:29:40.921" endtime="20180428 00:29:40.959"></status>
</kw>
<kw name="Clear Element Text" library="Selenium2Library">
<doc>Clears the value of text entry element identified by ``locator``.</doc>
<arguments>
<arg>xpath=//input[@name='date_selected']</arg>
</arguments>
<status status="PASS" starttime="20180428 00:29:40.960" endtime="20180428 00:29:41.001"></status>
</kw>
<kw name="Press Key" library="Selenium2Library">
<doc>Simulates user pressing key on element identified by ``locator``.</doc>
<arguments>
<arg>jquery=[name=date_selected]</arg>
<arg>${date}</arg>
</arguments>
<status status="PASS" starttime="20180428 00:29:41.002" endtime="20180428 00:29:41.177"></status>
</kw>
<kw name="Select From List By Label" library="Selenium2Library">
<doc>Selects options from selection list ``locator`` by ``labels``.</doc>
<arguments>
<arg>xpath=//select[@name="room_selected"]</arg>
<arg>${room}</arg>
</arguments>
<msg timestamp="20180428 00:29:41.178" level="INFO">Selecting options from selection list 'xpath=//select[@name="room_selected"]' by label M04.</msg>
<status status="PASS" starttime="20180428 00:29:41.178" endtime="20180428 00:29:41.282"></status>
</kw>
<kw name="Select From List By Value" library="Selenium2Library">
<doc>Selects options from selection list ``locator`` by ``values``.</doc>
<arguments>
<arg>xpath=//select[@name="period_selected"]</arg>
<arg>${period}</arg>
</arguments>
<msg timestamp="20180428 00:29:41.283" level="INFO">Selecting options from selection list 'xpath=//select[@name="period_selected"]' by value 1.</msg>
<status status="PASS" starttime="20180428 00:29:41.282" endtime="20180428 00:29:41.402"></status>
</kw>
<kw name="Select From List By Label" library="Selenium2Library">
<doc>Selects options from selection list ``locator`` by ``labels``.</doc>
<arguments>
<arg>xpath=//select[@name="major_selected"]</arg>
<arg>${major}</arg>
</arguments>
<msg timestamp="20180428 00:29:41.403" level="INFO">Selecting options from selection list 'xpath=//select[@name="major_selected"]' by label Software Development.</msg>
<status status="PASS" starttime="20180428 00:29:41.403" endtime="20180428 00:29:41.514"></status>
</kw>
<kw name="Click Button" library="Selenium2Library">
<doc>Clicks button identified by ``locator``.</doc>
<arguments>
<arg>สร้างตาราง</arg>
</arguments>
<msg timestamp="20180428 00:29:41.516" level="INFO">Clicking button 'สร้างตาราง'.</msg>
<status status="PASS" starttime="20180428 00:29:41.515" endtime="20180428 00:29:42.310"></status>
</kw>
<status status="PASS" starttime="20180428 00:29:40.920" endtime="20180428 00:29:42.310"></status>
</kw>
<kw name="Generate room">
<arguments>
<arg>${DATE1}</arg>
<arg>M21</arg>
<arg>0</arg>
<arg>Multimedia</arg>
</arguments>
<kw name="Focus" library="Selenium2Library">
<doc>Deprecated. Use `Set Focus To Element` instead.</doc>
<arguments>
<arg>jquery=[name=date_selected]</arg>
</arguments>
<status status="PASS" starttime="20180428 00:29:42.316" endtime="20180428 00:29:42.354"></status>
</kw>
<kw name="Clear Element Text" library="Selenium2Library">
<doc>Clears the value of text entry element identified by ``locator``.</doc>
<arguments>
<arg>xpath=//input[@name='date_selected']</arg>
</arguments>
<status status="PASS" starttime="20180428 00:29:42.354" endtime="20180428 00:29:42.401"></status>
</kw>
<kw name="Press Key" library="Selenium2Library">
<doc>Simulates user pressing key on element identified by ``locator``.</doc>
<arguments>
<arg>jquery=[name=date_selected]</arg>
<arg>${date}</arg>
</arguments>
<status status="PASS" starttime="20180428 00:29:42.402" endtime="20180428 00:29:42.573"></status>
</kw>
<kw name="Select From List By Label" library="Selenium2Library">
<doc>Selects options from selection list ``locator`` by ``labels``.</doc>
<arguments>
<arg>xpath=//select[@name="room_selected"]</arg>
<arg>${room}</arg>
</arguments>
<msg timestamp="20180428 00:29:42.574" level="INFO">Selecting options from selection list 'xpath=//select[@name="room_selected"]' by label M21.</msg>
<status status="PASS" starttime="20180428 00:29:42.573" endtime="20180428 00:29:42.680"></status>
</kw>
<kw name="Select From List By Value" library="Selenium2Library">
<doc>Selects options from selection list ``locator`` by ``values``.</doc>
<arguments>
<arg>xpath=//select[@name="period_selected"]</arg>
<arg>${period}</arg>
</arguments>
<msg timestamp="20180428 00:29:42.681" level="INFO">Selecting options from selection list 'xpath=//select[@name="period_selected"]' by value 0.</msg>
<status status="PASS" starttime="20180428 00:29:42.681" endtime="20180428 00:29:42.753"></status>
</kw>
<kw name="Select From List By Label" library="Selenium2Library">
<doc>Selects options from selection list ``locator`` by ``labels``.</doc>
<arguments>
<arg>xpath=//select[@name="major_selected"]</arg>
<arg>${major}</arg>
</arguments>
<msg timestamp="20180428 00:29:42.754" level="INFO">Selecting options from selection list 'xpath=//select[@name="major_selected"]' by label Multimedia.</msg>
<status status="PASS" starttime="20180428 00:29:42.753" endtime="20180428 00:29:42.866"></status>
</kw>
<kw name="Click Button" library="Selenium2Library">
<doc>Clicks button identified by ``locator``.</doc>
<arguments>
<arg>สร้างตาราง</arg>
</arguments>
<msg timestamp="20180428 00:29:42.867" level="INFO">Clicking button 'สร้างตาราง'.</msg>
<status status="PASS" starttime="20180428 00:29:42.867" endtime="20180428 00:29:43.573"></status>
</kw>
<status status="PASS" starttime="20180428 00:29:42.313" endtime="20180428 00:29:43.573"></status>
</kw>
<kw name="Generate room">
<arguments>
<arg>${DATE1}</arg>
<arg>M21</arg>
<arg>1</arg>
<arg>Multimedia</arg>
</arguments>
<kw name="Focus" library="Selenium2Library">
<doc>Deprecated. Use `Set Focus To Element` instead.</doc>
<arguments>
<arg>jquery=[name=date_selected]</arg>
</arguments>
<status status="PASS" starttime="20180428 00:29:43.574" endtime="20180428 00:29:43.612"></status>
</kw>
<kw name="Clear Element Text" library="Selenium2Library">
<doc>Clears the value of text entry element identified by ``locator``.</doc>
<arguments>
<arg>xpath=//input[@name='date_selected']</arg>
</arguments>
<status status="PASS" starttime="20180428 00:29:43.613" endtime="20180428 00:29:43.657"></status>
</kw>
<kw name="Press Key" library="Selenium2Library">
<doc>Simulates user pressing key on element identified by ``locator``.</doc>
<arguments>
<arg>jquery=[name=date_selected]</arg>
<arg>${date}</arg>
</arguments>
<status status="PASS" starttime="20180428 00:29:43.657" endtime="20180428 00:29:43.836"></status>
</kw>
<kw name="Select From List By Label" library="Selenium2Library">
<doc>Selects options from selection list ``locator`` by ``labels``.</doc>
<arguments>
<arg>xpath=//select[@name="room_selected"]</arg>
<arg>${room}</arg>
</arguments>
<msg timestamp="20180428 00:29:43.837" level="INFO">Selecting options from selection list 'xpath=//select[@name="room_selected"]' by label M21.</msg>
<status status="PASS" starttime="20180428 00:29:43.836" endtime="20180428 00:29:43.956"></status>
</kw>
<kw name="Select From List By Value" library="Selenium2Library">
<doc>Selects options from selection list ``locator`` by ``values``.</doc>
<arguments>
<arg>xpath=//select[@name="period_selected"]</arg>
<arg>${period}</arg>
</arguments>
<msg timestamp="20180428 00:29:43.956" level="INFO">Selecting options from selection list 'xpath=//select[@name="period_selected"]' by value 1.</msg>
<status status="PASS" starttime="20180428 00:29:43.956" endtime="20180428 00:29:44.075"></status>
</kw>
<kw name="Select From List By Label" library="Selenium2Library">
<doc>Selects options from selection list ``locator`` by ``labels``.</doc>
<arguments>
<arg>xpath=//select[@name="major_selected"]</arg>
<arg>${major}</arg>
</arguments>
<msg timestamp="20180428 00:29:44.076" level="INFO">Selecting options from selection list 'xpath=//select[@name="major_selected"]' by label Multimedia.</msg>
<status status="PASS" starttime="20180428 00:29:44.075" endtime="20180428 00:29:44.196"></status>
</kw>
<kw name="Click Button" library="Selenium2Library">
<doc>Clicks button identified by ``locator``.</doc>
<arguments>
<arg>สร้างตาราง</arg>
</arguments>
<msg timestamp="20180428 00:29:44.197" level="INFO">Clicking button 'สร้างตาราง'.</msg>
<status status="PASS" starttime="20180428 00:29:44.197" endtime="20180428 00:29:44.881"></status>
</kw>
<status status="PASS" starttime="20180428 00:29:43.573" endtime="20180428 00:29:44.881"></status>
</kw>
<kw name="Generate room">
<arguments>
<arg>${DATE1}</arg>
<arg>M22</arg>
<arg>0</arg>
<arg>Network and Communication</arg>
</arguments>
<kw name="Focus" library="Selenium2Library">
<doc>Deprecated. Use `Set Focus To Element` instead.</doc>
<arguments>
<arg>jquery=[name=date_selected]</arg>
</arguments>
<status status="PASS" starttime="20180428 00:29:44.883" endtime="20180428 00:29:44.923"></status>
</kw>
<kw name="Clear Element Text" library="Selenium2Library">
<doc>Clears the value of text entry element identified by ``locator``.</doc>
<arguments>
<arg>xpath=//input[@name='date_selected']</arg>
</arguments>
<status status="PASS" starttime="20180428 00:29:44.923" endtime="20180428 00:29:44.974"></status>
</kw>
<kw name="Press Key" library="Selenium2Library">
<doc>Simulates user pressing key on element identified by ``locator``.</doc>
<arguments>
<arg>jquery=[name=date_selected]</arg>
<arg>${date}</arg>
</arguments>
<status status="PASS" starttime="20180428 00:29:44.974" endtime="20180428 00:29:45.130"></status>
</kw>
<kw name="Select From List By Label" library="Selenium2Library">
<doc>Selects options from selection list ``locator`` by ``labels``.</doc>
<arguments>
<arg>xpath=//select[@name="room_selected"]</arg>
<arg>${room}</arg>
</arguments>
<msg timestamp="20180428 00:29:45.131" level="INFO">Selecting options from selection list 'xpath=//select[@name="room_selected"]' by label M22.</msg>
<status status="PASS" starttime="20180428 00:29:45.130" endtime="20180428 00:29:45.208"></status>
</kw>
<kw name="Select From List By Value" library="Selenium2Library">
<doc>Selects options from selection list ``locator`` by ``values``.</doc>
<arguments>
<arg>xpath=//select[@name="period_selected"]</arg>
<arg>${period}</arg>
</arguments>
<msg timestamp="20180428 00:29:45.208" level="INFO">Selecting options from selection list 'xpath=//select[@name="period_selected"]' by value 0.</msg>
<status status="PASS" starttime="20180428 00:29:45.208" endtime="20180428 00:29:45.265"></status>
</kw>
<kw name="Select From List By Label" library="Selenium2Library">
<doc>Selects options from selection list ``locator`` by ``labels``.</doc>
<arguments>
<arg>xpath=//select[@name="major_selected"]</arg>
<arg>${major}</arg>
</arguments>
<msg timestamp="20180428 00:29:45.266" level="INFO">Selecting options from selection list 'xpath=//select[@name="major_selected"]' by label Network and Communication.</msg>
<status status="PASS" starttime="20180428 00:29:45.266" endtime="20180428 00:29:45.364"></status>
</kw>
<kw name="Click Button" library="Selenium2Library">
<doc>Clicks button identified by ``locator``.</doc>
<arguments>
<arg>สร้างตาราง</arg>
</arguments>
<msg timestamp="20180428 00:29:45.365" level="INFO">Clicking button 'สร้างตาราง'.</msg>
<status status="PASS" starttime="20180428 00:29:45.365" endtime="20180428 00:29:46.028"></status>
</kw>
<status status="PASS" starttime="20180428 00:29:44.882" endtime="20180428 00:29:46.028"></status>
</kw>
<kw name="Generate room">
<arguments>
<arg>${DATE1}</arg>
<arg>M23</arg>
<arg>0</arg>
<arg>Data Science</arg>
</arguments>
<kw name="Focus" library="Selenium2Library">
<doc>Deprecated. Use `Set Focus To Element` instead.</doc>
<arguments>
<arg>jquery=[name=date_selected]</arg>
</arguments>
<status status="PASS" starttime="20180428 00:29:46.030" endtime="20180428 00:29:46.066"></status>
</kw>
<kw name="Clear Element Text" library="Selenium2Library">
<doc>Clears the value of text entry element identified by ``locator``.</doc>
<arguments>
<arg>xpath=//input[@name='date_selected']</arg>
</arguments>
<status status="PASS" starttime="20180428 00:29:46.067" endtime="20180428 00:29:46.099"></status>
</kw>
<kw name="Press Key" library="Selenium2Library">
<doc>Simulates user pressing key on element identified by ``locator``.</doc>
<arguments>
<arg>jquery=[name=date_selected]</arg>
<arg>${date}</arg>
</arguments>
<status status="PASS" starttime="20180428 00:29:46.099" endtime="20180428 00:29:46.234"></status>
</kw>
<kw name="Select From List By Label" library="Selenium2Library">
<doc>Selects options from selection list ``locator`` by ``labels``.</doc>
<arguments>
<arg>xpath=//select[@name="room_selected"]</arg>
<arg>${room}</arg>
</arguments>
<msg timestamp="20180428 00:29:46.235" level="INFO">Selecting options from selection list 'xpath=//select[@name="room_selected"]' by label M23.</msg>
<status status="PASS" starttime="20180428 00:29:46.234" endtime="20180428 00:29:46.316"></status>
</kw>
<kw name="Select From List By Value" library="Selenium2Library">
<doc>Selects options from selection list ``locator`` by ``values``.</doc>
<arguments>
<arg>xpath=//select[@name="period_selected"]</arg>
<arg>${period}</arg>
</arguments>
<msg timestamp="20180428 00:29:46.317" level="INFO">Selecting options from selection list 'xpath=//select[@name="period_selected"]' by value 0.</msg>
<status status="PASS" starttime="20180428 00:29:46.317" endtime="20180428 00:29:46.370"></status>
</kw>
<kw name="Select From List By Label" library="Selenium2Library">
<doc>Selects options from selection list ``locator`` by ``labels``.</doc>
<arguments>
<arg>xpath=//select[@name="major_selected"]</arg>
<arg>${major}</arg>
</arguments>
<msg timestamp="20180428 00:29:46.371" level="INFO">Selecting options from selection list 'xpath=//select[@name="major_selected"]' by label Data Science.</msg>
<status status="PASS" starttime="20180428 00:29:46.370" endtime="20180428 00:29:46.459"></status>
</kw>
<kw name="Click Button" library="Selenium2Library">
<doc>Clicks button identified by ``locator``.</doc>
<arguments>
<arg>สร้างตาราง</arg>
</arguments>
<msg timestamp="20180428 00:29:46.460" level="INFO">Clicking button 'สร้างตาราง'.</msg>
<status status="PASS" starttime="20180428 00:29:46.459" endtime="20180428 00:29:47.133"></status>
</kw>
<status status="PASS" starttime="20180428 00:29:46.029" endtime="20180428 00:29:47.134"></status>
</kw>
<kw name="Generate room">
<arguments>
<arg>${DATE2}</arg>
<arg>M03</arg>
<arg>0</arg>
<arg>Business Intelligence</arg>
</arguments>
<kw name="Focus" library="Selenium2Library">
<doc>Deprecated. Use `Set Focus To Element` instead.</doc>
<arguments>
<arg>jquery=[name=date_selected]</arg>
</arguments>
<status status="PASS" starttime="20180428 00:29:47.135" endtime="20180428 00:29:47.178"></status>
</kw>
<kw name="Clear Element Text" library="Selenium2Library">
<doc>Clears the value of text entry element identified by ``locator``.</doc>
<arguments>
<arg>xpath=//input[@name='date_selected']</arg>
</arguments>
<status status="PASS" starttime="20180428 00:29:47.178" endtime="20180428 00:29:47.211"></status>
</kw>
<kw name="Press Key" library="Selenium2Library">
<doc>Simulates user pressing key on element identified by ``locator``.</doc>
<arguments>
<arg>jquery=[name=date_selected]</arg>
<arg>${date}</arg>
</arguments>
<status status="PASS" starttime="20180428 00:29:47.211" endtime="20180428 00:29:47.349"></status>
</kw>
<kw name="Select From List By Label" library="Selenium2Library">
<doc>Selects options from selection list ``locator`` by ``labels``.</doc>
<arguments>
<arg>xpath=//select[@name="room_selected"]</arg>
<arg>${room}</arg>
</arguments>
<msg timestamp="20180428 00:29:47.349" level="INFO">Selecting options from selection list 'xpath=//select[@name="room_selected"]' by label M03.</msg>
<status status="PASS" starttime="20180428 00:29:47.349" endtime="20180428 00:29:47.386"></status>
</kw>
<kw name="Select From List By Value" library="Selenium2Library">
<doc>Selects options from selection list ``locator`` by ``values``.</doc>
<arguments>
<arg>xpath=//select[@name="period_selected"]</arg>
<arg>${period}</arg>
</arguments>
<msg timestamp="20180428 00:29:47.386" level="INFO">Selecting options from selection list 'xpath=//select[@name="period_selected"]' by value 0.</msg>
<status status="PASS" starttime="20180428 00:29:47.386" endtime="20180428 00:29:47.435"></status>
</kw>
<kw name="Select From List By Label" library="Selenium2Library">
<doc>Selects options from selection list ``locator`` by ``labels``.</doc>
<arguments>
<arg>xpath=//select[@name="major_selected"]</arg>
<arg>${major}</arg>
</arguments>
<msg timestamp="20180428 00:29:47.436" level="INFO">Selecting options from selection list 'xpath=//select[@name="major_selected"]' by label Business Intelligence.</msg>
<status status="PASS" starttime="20180428 00:29:47.435" endtime="20180428 00:29:47.474"></status>
</kw>
<kw name="Click Button" library="Selenium2Library">
<doc>Clicks button identified by ``locator``.</doc>
<arguments>
<arg>สร้างตาราง</arg>
</arguments>
<msg timestamp="20180428 00:29:47.475" level="INFO">Clicking button 'สร้างตาราง'.</msg>
<status status="PASS" starttime="20180428 00:29:47.474" endtime="20180428 00:29:48.022"></status>
</kw>
<status status="PASS" starttime="20180428 00:29:47.135" endtime="20180428 00:29:48.023"></status>
</kw>
<kw name="Generate room">
<arguments>
<arg>${DATE2}</arg>
<arg>M03</arg>
<arg>1</arg>
<arg>Business Intelligence</arg>
</arguments>
<kw name="Focus" library="Selenium2Library">
<doc>Deprecated. Use `Set Focus To Element` instead.</doc>
<arguments>
<arg>jquery=[name=date_selected]</arg>
</arguments>
<status status="PASS" starttime="20180428 00:29:48.024" endtime="20180428 00:29:48.072"></status>
</kw>
<kw name="Clear Element Text" library="Selenium2Library">
<doc>Clears the value of text entry element identified by ``locator``.</doc>
<arguments>
<arg>xpath=//input[@name='date_selected']</arg>
</arguments>
<status status="PASS" starttime="20180428 00:29:48.072" endtime="20180428 00:29:48.111"></status>
</kw>
<kw name="Press Key" library="Selenium2Library">
<doc>Simulates user pressing key on element identified by ``locator``.</doc>
<arguments>
<arg>jquery=[name=date_selected]</arg>
<arg>${date}</arg>
</arguments>
<status status="PASS" starttime="20180428 00:29:48.112" endtime="20180428 00:29:48.251"></status>
</kw>
<kw name="Select From List By Label" library="Selenium2Library">
<doc>Selects options from selection list ``locator`` by ``labels``.</doc>
<arguments>
<arg>xpath=//select[@name="room_selected"]</arg>
<arg>${room}</arg>
</arguments>
<msg timestamp="20180428 00:29:48.252" level="INFO">Selecting options from selection list 'xpath=//select[@name="room_selected"]' by label M03.</msg>
<status status="PASS" starttime="20180428 00:29:48.251" endtime="20180428 00:29:48.303"></status>
</kw>
<kw name="Select From List By Value" library="Selenium2Library">
<doc>Selects options from selection list ``locator`` by ``values``.</doc>
<arguments>
<arg>xpath=//select[@name="period_selected"]</arg>
<arg>${period}</arg>
</arguments>
<msg timestamp="20180428 00:29:48.303" level="INFO">Selecting options from selection list 'xpath=//select[@name="period_selected"]' by value 1.</msg>
<status status="PASS" starttime="20180428 00:29:48.303" endtime="20180428 00:29:48.380"></status>
</kw>
<kw name="Select From List By Label" library="Selenium2Library">
<doc>Selects options from selection list ``locator`` by ``labels``.</doc>
<arguments>
<arg>xpath=//select[@name="major_selected"]</arg>
<arg>${major}</arg>
</arguments>
<msg timestamp="20180428 00:29:48.381" level="INFO">Selecting options from selection list 'xpath=//select[@name="major_selected"]' by label Business Intelligence.</msg>
<status status="PASS" starttime="20180428 00:29:48.380" endtime="20180428 00:29:48.426"></status>
</kw>
<kw name="Click Button" library="Selenium2Library">
<doc>Clicks button identified by ``locator``.</doc>
<arguments>
<arg>สร้างตาราง</arg>
</arguments>
<msg timestamp="20180428 00:29:48.427" level="INFO">Clicking button 'สร้างตาราง'.</msg>
<status status="PASS" starttime="20180428 00:29:48.427" endtime="20180428 00:29:48.919"></status>
</kw>
<status status="PASS" starttime="20180428 00:29:48.023" endtime="20180428 00:29:48.920"></status>
</kw>
<kw name="Generate room">
<arguments>
<arg>${DATE2}</arg>
<arg>M04</arg>
<arg>1</arg>
<arg>Embedded Systems</arg>
</arguments>
<kw name="Focus" library="Selenium2Library">
<doc>Deprecated. Use `Set Focus To Element` instead.</doc>
<arguments>
<arg>jquery=[name=date_selected]</arg>
</arguments>
<status status="PASS" starttime="20180428 00:29:48.923" endtime="20180428 00:29:48.949"></status>
</kw>
<kw name="Clear Element Text" library="Selenium2Library">
<doc>Clears the value of text entry element identified by ``locator``.</doc>
<arguments>
<arg>xpath=//input[@name='date_selected']</arg>
</arguments>
<status status="PASS" starttime="20180428 00:29:48.949" endtime="20180428 00:29:48.979"></status>
</kw>
<kw name="Press Key" library="Selenium2Library">
<doc>Simulates user pressing key on element identified by ``locator``.</doc>
<arguments>
<arg>jquery=[name=date_selected]</arg>
<arg>${date}</arg>
</arguments>
<status status="PASS" starttime="20180428 00:29:48.979" endtime="20180428 00:29:49.095"></status>
</kw>
<kw name="Select From List By Label" library="Selenium2Library">
<doc>Selects options from selection list ``locator`` by ``labels``.</doc>
<arguments>
<arg>xpath=//select[@name="room_selected"]</arg>
<arg>${room}</arg>
</arguments>
<msg timestamp="20180428 00:29:49.095" level="INFO">Selecting options from selection list 'xpath=//select[@name="room_selected"]' by label M04.</msg>
<status status="PASS" starttime="20180428 00:29:49.095" endtime="20180428 00:29:49.169"></status>
</kw>
<kw name="Select From List By Value" library="Selenium2Library">
<doc>Selects options from selection list ``locator`` by ``values``.</doc>
<arguments>
<arg>xpath=//select[@name="period_selected"]</arg>
<arg>${period}</arg>
</arguments>
<msg timestamp="20180428 00:29:49.170" level="INFO">Selecting options from selection list 'xpath=//select[@name="period_selected"]' by value 1.</msg>
<status status="PASS" starttime="20180428 00:29:49.170" endtime="20180428 00:29:49.242"></status>
</kw>
<kw name="Select From List By Label" library="Selenium2Library">
<doc>Selects options from selection list ``locator`` by ``labels``.</doc>
<arguments>
<arg>xpath=//select[@name="major_selected"]</arg>
<arg>${major}</arg>
</arguments>
<msg timestamp="20180428 00:29:49.243" level="INFO">Selecting options from selection list 'xpath=//select[@name="major_selected"]' by label Embedded Systems.</msg>
<status status="PASS" starttime="20180428 00:29:49.243" endtime="20180428 00:29:49.318"></status>
</kw>
<kw name="Click Button" library="Selenium2Library">
<doc>Clicks button identified by ``locator``.</doc>
<arguments>
<arg>สร้างตาราง</arg>
</arguments>
<msg timestamp="20180428 00:29:49.319" level="INFO">Clicking button 'สร้างตาราง'.</msg>
<status status="PASS" starttime="20180428 00:29:49.319" endtime="20180428 00:29:49.953"></status>
</kw>
<status status="PASS" starttime="20180428 00:29:48.922" endtime="20180428 00:29:49.954"></status>
</kw>
<kw name="Generate room">
<arguments>
<arg>${DATE2}</arg>
<arg>M04</arg>
<arg>0</arg>
<arg>Data Science</arg>
</arguments>
<kw name="Focus" library="Selenium2Library">
<doc>Deprecated. Use `Set Focus To Element` instead.</doc>
<arguments>
<arg>jquery=[name=date_selected]</arg>
</arguments>
<status status="PASS" starttime="20180428 00:29:49.960" endtime="20180428 00:29:49.990"></status>
</kw>
<kw name="Clear Element Text" library="Selenium2Library">
<doc>Clears the value of text entry element identified by ``locator``.</doc>
<arguments>
<arg>xpath=//input[@name='date_selected']</arg>
</arguments>
<status status="PASS" starttime="20180428 00:29:49.991" endtime="20180428 00:29:50.039"></status>
</kw>
<kw name="Press Key" library="Selenium2Library">
<doc>Simulates user pressing key on element identified by ``locator``.</doc>
<arguments>
<arg>jquery=[name=date_selected]</arg>
<arg>${date}</arg>
</arguments>
<status status="PASS" starttime="20180428 00:29:50.039" endtime="20180428 00:29:50.212"></status>
</kw>
<kw name="Select From List By Label" library="Selenium2Library">
<doc>Selects options from selection list ``locator`` by ``labels``.</doc>
<arguments>
<arg>xpath=//select[@name="room_selected"]</arg>
<arg>${room}</arg>
</arguments>
<msg timestamp="20180428 00:29:50.213" level="INFO">Selecting options from selection list 'xpath=//select[@name="room_selected"]' by label M04.</msg>
<status status="PASS" starttime="20180428 00:29:50.212" endtime="20180428 00:29:50.305"></status>
</kw>
<kw name="Select From List By Value" library="Selenium2Library">
<doc>Selects options from selection list ``locator`` by ``values``.</doc>
<arguments>
<arg>xpath=//select[@name="period_selected"]</arg>
<arg>${period}</arg>
</arguments>
<msg timestamp="20180428 00:29:50.306" level="INFO">Selecting options from selection list 'xpath=//select[@name="period_selected"]' by value 0.</msg>
<status status="PASS" starttime="20180428 00:29:50.306" endtime="20180428 00:29:50.361"></status>
</kw>
<kw name="Select From List By Label" library="Selenium2Library">
<doc>Selects options from selection list ``locator`` by ``labels``.</doc>
<arguments>
<arg>xpath=//select[@name="major_selected"]</arg>
<arg>${major}</arg>
</arguments>
<msg timestamp="20180428 00:29:50.361" level="INFO">Selecting options from selection list 'xpath=//select[@name="major_selected"]' by label Data Science.</msg>
<status status="PASS" starttime="20180428 00:29:50.361" endtime="20180428 00:29:50.456"></status>
</kw>
<kw name="Click Button" library="Selenium2Library">
<doc>Clicks button identified by ``locator``.</doc>
<arguments>
<arg>สร้างตาราง</arg>
</arguments>
<msg timestamp="20180428 00:29:50.457" level="INFO">Clicking button 'สร้างตาราง'.</msg>
<status status="PASS" starttime="20180428 00:29:50.456" endtime="20180428 00:29:51.140"></status>
</kw>
<status status="PASS" starttime="20180428 00:29:49.957" endtime="20180428 00:29:51.140"></status>
</kw>
<kw name="Generate room">
<arguments>
<arg>${DATE2}</arg>
<arg>M21</arg>
<arg>0</arg>
<arg>Data Science</arg>
</arguments>
<kw name="Focus" library="Selenium2Library">
<doc>Deprecated. Use `Set Focus To Element` instead.</doc>
<arguments>
<arg>jquery=[name=date_selected]</arg>
</arguments>
<status status="PASS" starttime="20180428 00:29:51.142" endtime="20180428 00:29:51.180"></status>
</kw>
<kw name="Clear Element Text" library="Selenium2Library">
<doc>Clears the value of text entry element identified by ``locator``.</doc>
<arguments>
<arg>xpath=//input[@name='date_selected']</arg>
</arguments>
<status status="PASS" starttime="20180428 00:29:51.180" endtime="20180428 00:29:51.225"></status>
</kw>
<kw name="Press Key" library="Selenium2Library">
<doc>Simulates user pressing key on element identified by ``locator``.</doc>
<arguments>
<arg>jquery=[name=date_selected]</arg>
<arg>${date}</arg>
</arguments>
<status status="PASS" starttime="20180428 00:29:51.225" endtime="20180428 00:29:51.402"></status>
</kw>
<kw name="Select From List By Label" library="Selenium2Library">
<doc>Selects options from selection list ``locator`` by ``labels``.</doc>
<arguments>
<arg>xpath=//select[@name="room_selected"]</arg>
<arg>${room}</arg>
</arguments>
<msg timestamp="20180428 00:29:51.403" level="INFO">Selecting options from selection list 'xpath=//select[@name="room_selected"]' by label M21.</msg>
<status status="PASS" starttime="20180428 00:29:51.403" endtime="20180428 00:29:51.497"></status>
</kw>
<kw name="Select From List By Value" library="Selenium2Library">
<doc>Selects options from selection list ``locator`` by ``values``.</doc>
<arguments>
<arg>xpath=//select[@name="period_selected"]</arg>
<arg>${period}</arg>
</arguments>
<msg timestamp="20180428 00:29:51.498" level="INFO">Selecting options from selection list 'xpath=//select[@name="period_selected"]' by value 0.</msg>
<status status="PASS" starttime="20180428 00:29:51.497" endtime="20180428 00:29:51.557"></status>
</kw>
<kw name="Select From List By Label" library="Selenium2Library">
<doc>Selects options from selection list ``locator`` by ``labels``.</doc>
<arguments>
<arg>xpath=//select[@name="major_selected"]</arg>
<arg>${major}</arg>
</arguments>
<msg timestamp="20180428 00:29:51.558" level="INFO">Selecting options from selection list 'xpath=//select[@name="major_selected"]' by label Data Science.</msg>
<status status="PASS" starttime="20180428 00:29:51.557" endtime="20180428 00:29:51.657"></status>
</kw>
<kw name="Click Button" library="Selenium2Library">
<doc>Clicks button identified by ``locator``.</doc>
<arguments>
<arg>สร้างตาราง</arg>
</arguments>
<msg timestamp="20180428 00:29:51.658" level="INFO">Clicking button 'สร้างตาราง'.</msg>
<status status="PASS" starttime="20180428 00:29:51.657" endtime="20180428 00:29:52.251"></status>
</kw>
<status status="PASS" starttime="20180428 00:29:51.141" endtime="20180428 00:29:52.251"></status>
</kw>
<kw name="Generate room">
<arguments>
<arg>${DATE2}</arg>
<arg>M21</arg>
<arg>1</arg>
<arg>Data Science</arg>
</arguments>
<kw name="Focus" library="Selenium2Library">
<doc>Deprecated. Use `Set Focus To Element` instead.</doc>
<arguments>
<arg>jquery=[name=date_selected]</arg>
</arguments>
<status status="PASS" starttime="20180428 00:29:52.255" endtime="20180428 00:29:52.290"></status>
</kw>
<kw name="Clear Element Text" library="Selenium2Library">
<doc>Clears the value of text entry element identified by ``locator``.</doc>
<arguments>
<arg>xpath=//input[@name='date_selected']</arg>
</arguments>
<status status="PASS" starttime="20180428 00:29:52.291" endtime="20180428 00:29:52.328"></status>
</kw>
<kw name="Press Key" library="Selenium2Library">
<doc>Simulates user pressing key on element identified by ``locator``.</doc>
<arguments>
<arg>jquery=[name=date_selected]</arg>
<arg>${date}</arg>
</arguments>
<status status="PASS" starttime="20180428 00:29:52.328" endtime="20180428 00:29:52.485"></status>
</kw>
<kw name="Select From List By Label" library="Selenium2Library">
<doc>Selects options from selection list ``locator`` by ``labels``.</doc>
<arguments>
<arg>xpath=//select[@name="room_selected"]</arg>
<arg>${room}</arg>
</arguments>
<msg timestamp="20180428 00:29:52.486" level="INFO">Selecting options from selection list 'xpath=//select[@name="room_selected"]' by label M21.</msg>
<status status="PASS" starttime="20180428 00:29:52.486" endtime="20180428 00:29:52.585"></status>
</kw>
<kw name="Select From List By Value" library="Selenium2Library">
<doc>Selects options from selection list ``locator`` by ``values``.</doc>
<arguments>
<arg>xpath=//select[@name="period_selected"]</arg>
<arg>${period}</arg>
</arguments>
<msg timestamp="20180428 00:29:52.586" level="INFO">Selecting options from selection list 'xpath=//select[@name="period_selected"]' by value 1.</msg>
<status status="PASS" starttime="20180428 00:29:52.585" endtime="20180428 00:29:52.704"></status>
</kw>
<kw name="Select From List By Label" library="Selenium2Library">
<doc>Selects options from selection list ``locator`` by ``labels``.</doc>
<arguments>
<arg>xpath=//select[@name="major_selected"]</arg>
<arg>${major}</arg>
</arguments>
<msg timestamp="20180428 00:29:52.704" level="INFO">Selecting options from selection list 'xpath=//select[@name="major_selected"]' by label Data Science.</msg>
<status status="PASS" starttime="20180428 00:29:52.704" endtime="20180428 00:29:52.809"></status>
</kw>
<kw name="Click Button" library="Selenium2Library">
<doc>Clicks button identified by ``locator``.</doc>
<arguments>
<arg>สร้างตาราง</arg>
</arguments>
<msg timestamp="20180428 00:29:52.810" level="INFO">Clicking button 'สร้างตาราง'.</msg>
<status status="PASS" starttime="20180428 00:29:52.809" endtime="20180428 00:29:53.887"></status>
</kw>
<status status="PASS" starttime="20180428 00:29:52.254" endtime="20180428 00:29:53.887"></status>
</kw>
<kw name="Generate room">
<arguments>
<arg>${DATE2}</arg>
<arg>M21</arg>
<arg>1</arg>
<arg>Multimedia</arg>
</arguments>
<kw name="Focus" library="Selenium2Library">
<doc>Deprecated. Use `Set Focus To Element` instead.</doc>
<arguments>
<arg>jquery=[name=date_selected]</arg>
</arguments>
<status status="PASS" starttime="20180428 00:29:53.889" endtime="20180428 00:29:53.927"></status>
</kw>
<kw name="Clear Element Text" library="Selenium2Library">
<doc>Clears the value of text entry element identified by ``locator``.</doc>
<arguments>
<arg>xpath=//input[@name='date_selected']</arg>
</arguments>
<status status="PASS" starttime="20180428 00:29:53.927" endtime="20180428 00:29:53.978"></status>
</kw>
<kw name="Press Key" library="Selenium2Library">
<doc>Simulates user pressing key on element identified by ``locator``.</doc>
<arguments>
<arg>jquery=[name=date_selected]</arg>
<arg>${date}</arg>
</arguments>
<status status="PASS" starttime="20180428 00:29:53.979" endtime="20180428 00:29:54.165"></status>
</kw>
<kw name="Select From List By Label" library="Selenium2Library">
<doc>Selects options from selection list ``locator`` by ``labels``.</doc>
<arguments>
<arg>xpath=//select[@name="room_selected"]</arg>
<arg>${room}</arg>
</arguments>
<msg timestamp="20180428 00:29:54.166" level="INFO">Selecting options from selection list 'xpath=//select[@name="room_selected"]' by label M21.</msg>
<status status="PASS" starttime="20180428 00:29:54.166" endtime="20180428 00:29:54.260"></status>
</kw>
<kw name="Select From List By Value" library="Selenium2Library">
<doc>Selects options from selection list ``locator`` by ``values``.</doc>
<arguments>
<arg>xpath=//select[@name="period_selected"]</arg>
<arg>${period}</arg>
</arguments>
<msg timestamp="20180428 00:29:54.261" level="INFO">Selecting options from selection list 'xpath=//select[@name="period_selected"]' by value 1.</msg>
<status status="PASS" starttime="20180428 00:29:54.260" endtime="20180428 00:29:54.361"></status>
</kw>
<kw name="Select From List By Label" library="Selenium2Library">
<doc>Selects options from selection list ``locator`` by ``labels``.</doc>
<arguments>
<arg>xpath=//select[@name="major_selected"]</arg>
<arg>${major}</arg>
</arguments>
<msg timestamp="20180428 00:29:54.362" level="INFO">Selecting options from selection list 'xpath=//select[@name="major_selected"]' by label Multimedia.</msg>
<status status="PASS" starttime="20180428 00:29:54.362" endtime="20180428 00:29:54.462"></status>
</kw>
<kw name="Click Button" library="Selenium2Library">
<doc>Clicks button identified by ``locator``.</doc>
<arguments>
<arg>สร้างตาราง</arg>
</arguments>
<msg timestamp="20180428 00:29:54.463" level="INFO">Clicking button 'สร้างตาราง'.</msg>
<status status="PASS" starttime="20180428 00:29:54.462" endtime="20180428 00:29:55.699"></status>
</kw>
<status status="PASS" starttime="20180428 00:29:53.888" endtime="20180428 00:29:55.699"></status>
</kw>
<kw name="Generate room">
<arguments>
<arg>${DATE2}</arg>
<arg>M22</arg>
<arg>0</arg>
<arg>Multimedia</arg>
</arguments>
<kw name="Focus" library="Selenium2Library">
<doc>Deprecated. Use `Set Focus To Element` instead.</doc>
<arguments>
<arg>jquery=[name=date_selected]</arg>
</arguments>
<status status="PASS" starttime="20180428 00:29:55.701" endtime="20180428 00:29:55.731"></status>
</kw>
<kw name="Clear Element Text" library="Selenium2Library">
<doc>Clears the value of text entry element identified by ``locator``.</doc>
<arguments>
<arg>xpath=//input[@name='date_selected']</arg>
</arguments>
<status status="PASS" starttime="20180428 00:29:55.731" endtime="20180428 00:29:55.769"></status>
</kw>
<kw name="Press Key" library="Selenium2Library">
<doc>Simulates user pressing key on element identified by ``locator``.</doc>
<arguments>
<arg>jquery=[name=date_selected]</arg>
<arg>${date}</arg>
</arguments>
<status status="PASS" starttime="20180428 00:29:55.769" endtime="20180428 00:29:55.932"></status>
</kw>
<kw name="Select From List By Label" library="Selenium2Library">
<doc>Selects options from selection list ``locator`` by ``labels``.</doc>
<arguments>
<arg>xpath=//select[@name="room_selected"]</arg>
<arg>${room}</arg>
</arguments>
<msg timestamp="20180428 00:29:55.932" level="INFO">Selecting options from selection list 'xpath=//select[@name="room_selected"]' by label M22.</msg>
<status status="PASS" starttime="20180428 00:29:55.932" endtime="20180428 00:29:56.018"></status>
</kw>
<kw name="Select From List By Value" library="Selenium2Library">
<doc>Selects options from selection list ``locator`` by ``values``.</doc>
<arguments>
<arg>xpath=//select[@name="period_selected"]</arg>
<arg>${period}</arg>
</arguments>
<msg timestamp="20180428 00:29:56.018" level="INFO">Selecting options from selection list 'xpath=//select[@name="period_selected"]' by value 0.</msg>
<status status="PASS" starttime="20180428 00:29:56.018" endtime="20180428 00:29:56.064"></status>
</kw>
<kw name="Select From List By Label" library="Selenium2Library">
<doc>Selects options from selection list ``locator`` by ``labels``.</doc>
<arguments>
<arg>xpath=//select[@name="major_selected"]</arg>
<arg>${major}</arg>
</arguments>
<msg timestamp="20180428 00:29:56.064" level="INFO">Selecting options from selection list 'xpath=//select[@name="major_selected"]' by label Multimedia.</msg>
<status status="PASS" starttime="20180428 00:29:56.064" endtime="20180428 00:29:56.146"></status>
</kw>
<kw name="Click Button" library="Selenium2Library">
<doc>Clicks button identified by ``locator``.</doc>
<arguments>
<arg>สร้างตาราง</arg>
</arguments>
<msg timestamp="20180428 00:29:56.147" level="INFO">Clicking button 'สร้างตาราง'.</msg>
<status status="PASS" starttime="20180428 00:29:56.146" endtime="20180428 00:29:56.666"></status>
</kw>
<status status="PASS" starttime="20180428 00:29:55.700" endtime="20180428 00:29:56.667"></status>
</kw>
<kw name="Generate room">
<arguments>
<arg>${DATE2}</arg>
<arg>M22</arg>
<arg>1</arg>
<arg>Software Development</arg>
</arguments>
<kw name="Focus" library="Selenium2Library">
<doc>Deprecated. Use `Set Focus To Element` instead.</doc>
<arguments>
<arg>jquery=[name=date_selected]</arg>
</arguments>
<status status="PASS" starttime="20180428 00:29:56.670" endtime="20180428 00:29:56.709"></status>
</kw>
<kw name="Clear Element Text" library="Selenium2Library">
<doc>Clears the value of text entry element identified by ``locator``.</doc>
<arguments>
<arg>xpath=//input[@name='date_selected']</arg>
</arguments>
<status status="PASS" starttime="20180428 00:29:56.710" endtime="20180428 00:29:56.754"></status>
</kw>
<kw name="Press Key" library="Selenium2Library">
<doc>Simulates user pressing key on element identified by ``locator``.</doc>
<arguments>
<arg>jquery=[name=date_selected]</arg>
<arg>${date}</arg>
</arguments>
<status status="PASS" starttime="20180428 00:29:56.756" endtime="20180428 00:29:56.930"></status>
</kw>
<kw name="Select From List By Label" library="Selenium2Library">
<doc>Selects options from selection list ``locator`` by ``labels``.</doc>
<arguments>
<arg>xpath=//select[@name="room_selected"]</arg>
<arg>${room}</arg>
</arguments>
<msg timestamp="20180428 00:29:56.931" level="INFO">Selecting options from selection list 'xpath=//select[@name="room_selected"]' by label M22.</msg>
<status status="PASS" starttime="20180428 00:29:56.930" endtime="20180428 00:29:57.023"></status>
</kw>
<kw name="Select From List By Value" library="Selenium2Library">
<doc>Selects options from selection list ``locator`` by ``values``.</doc>
<arguments>
<arg>xpath=//select[@name="period_selected"]</arg>
<arg>${period}</arg>
</arguments>
<msg timestamp="20180428 00:29:57.024" level="INFO">Selecting options from selection list 'xpath=//select[@name="period_selected"]' by value 1.</msg>
<status status="PASS" starttime="20180428 00:29:57.024" endtime="20180428 00:29:57.125"></status>
</kw>
<kw name="Select From List By Label" library="Selenium2Library">
<doc>Selects options from selection list ``locator`` by ``labels``.</doc>
<arguments>
<arg>xpath=//select[@name="major_selected"]</arg>
<arg>${major}</arg>
</arguments>
<msg timestamp="20180428 00:29:57.126" level="INFO">Selecting options from selection list 'xpath=//select[@name="major_selected"]' by label Software Development.</msg>
<status status="PASS" starttime="20180428 00:29:57.126" endtime="20180428 00:29:57.224"></status>
</kw>
<kw name="Click Button" library="Selenium2Library">
<doc>Clicks button identified by ``locator``.</doc>
<arguments>
<arg>สร้างตาราง</arg>
</arguments>
<msg timestamp="20180428 00:29:57.224" level="INFO">Clicking button 'สร้างตาราง'.</msg>
<status status="PASS" starttime="20180428 00:29:57.224" endtime="20180428 00:29:57.769"></status>
</kw>
<status status="PASS" starttime="20180428 00:29:56.669" endtime="20180428 00:29:57.769"></status>
</kw>
<kw name="Generate room">
<arguments>
<arg>${DATE2}</arg>
<arg>M23</arg>
<arg>0</arg>
<arg>Embedded Systems</arg>
</arguments>
<kw name="Focus" library="Selenium2Library">
<doc>Deprecated. Use `Set Focus To Element` instead.</doc>
<arguments>
<arg>jquery=[name=date_selected]</arg>
</arguments>
<status status="PASS" starttime="20180428 00:29:57.771" endtime="20180428 00:29:57.801"></status>
</kw>
<kw name="Clear Element Text" library="Selenium2Library">
<doc>Clears the value of text entry element identified by ``locator``.</doc>
<arguments>
<arg>xpath=//input[@name='date_selected']</arg>
</arguments>
<status status="PASS" starttime="20180428 00:29:57.801" endtime="20180428 00:29:57.832"></status>
</kw>
<kw name="Press Key" library="Selenium2Library">
<doc>Simulates user pressing key on element identified by ``locator``.</doc>
<arguments>
<arg>jquery=[name=date_selected]</arg>
<arg>${date}</arg>
</arguments>
<status status="PASS" starttime="20180428 00:29:57.833" endtime="20180428 00:29:57.996"></status>
</kw>
<kw name="Select From List By Label" library="Selenium2Library">
<doc>Selects options from selection list ``locator`` by ``labels``.</doc>
<arguments>
<arg>xpath=//select[@name="room_selected"]</arg>
<arg>${room}</arg>
</arguments>
<msg timestamp="20180428 00:29:57.996" level="INFO">Selecting options from selection list 'xpath=//select[@name="room_selected"]' by label M23.</msg>
<status status="PASS" starttime="20180428 00:29:57.996" endtime="20180428 00:29:58.084"></status>
</kw>
<kw name="Select From List By Value" library="Selenium2Library">
<doc>Selects options from selection list ``locator`` by ``values``.</doc>
<arguments>
<arg>xpath=//select[@name="period_selected"]</arg>
<arg>${period}</arg>
</arguments>
<msg timestamp="20180428 00:29:58.085" level="INFO">Selecting options from selection list 'xpath=//select[@name="period_selected"]' by value 0.</msg>
<status status="PASS" starttime="20180428 00:29:58.084" endtime="20180428 00:29:58.143"></status>
</kw>
<kw name="Select From List By Label" library="Selenium2Library">
<doc>Selects options from selection list ``locator`` by ``labels``.</doc>
<arguments>
<arg>xpath=//select[@name="major_selected"]</arg>
<arg>${major}</arg>
</arguments>
<msg timestamp="20180428 00:29:58.144" level="INFO">Selecting options from selection list 'xpath=//select[@name="major_selected"]' by label Embedded Systems.</msg>
<status status="PASS" starttime="20180428 00:29:58.144" endtime="20180428 00:29:58.245"></status>
</kw>
<kw name="Click Button" library="Selenium2Library">
<doc>Clicks button identified by ``locator``.</doc>
<arguments>
<arg>สร้างตาราง</arg>
</arguments>
<msg timestamp="20180428 00:29:58.246" level="INFO">Clicking button 'สร้างตาราง'.</msg>
<status status="PASS" starttime="20180428 00:29:58.245" endtime="20180428 00:29:59.080"></status>
</kw>
<status status="PASS" starttime="20180428 00:29:57.770" endtime="20180428 00:29:59.080"></status>
</kw>
<kw name="Generate room">
<arguments>
<arg>${DATE2}</arg>
<arg>M23</arg>
<arg>0</arg>
<arg>Software Development</arg>
</arguments>
<kw name="Focus" library="Selenium2Library">
<doc>Deprecated. Use `Set Focus To Element` instead.</doc>
<arguments>
<arg>jquery=[name=date_selected]</arg>
</arguments>
<status status="PASS" starttime="20180428 00:29:59.081" endtime="20180428 00:29:59.141"></status>
</kw>
<kw name="Clear Element Text" library="Selenium2Library">
<doc>Clears the value of text entry element identified by ``locator``.</doc>
<arguments>
<arg>xpath=//input[@name='date_selected']</arg>
</arguments>
<status status="PASS" starttime="20180428 00:29:59.141" endtime="20180428 00:29:59.181"></status>
</kw>
<kw name="Press Key" library="Selenium2Library">
<doc>Simulates user pressing key on element identified by ``locator``.</doc>
<arguments>
<arg>jquery=[name=date_selected]</arg>
<arg>${date}</arg>
</arguments>
<status status="PASS" starttime="20180428 00:29:59.181" endtime="20180428 00:29:59.339"></status>
</kw>
<kw name="Select From List By Label" library="Selenium2Library">
<doc>Selects options from selection list ``locator`` by ``labels``.</doc>
<arguments>
<arg>xpath=//select[@name="room_selected"]</arg>
<arg>${room}</arg>
</arguments>
<msg timestamp="20180428 00:29:59.340" level="INFO">Selecting options from selection list 'xpath=//select[@name="room_selected"]' by label M23.</msg>
<status status="PASS" starttime="20180428 00:29:59.339" endtime="20180428 00:29:59.428"></status>
</kw>
<kw name="Select From List By Value" library="Selenium2Library">
<doc>Selects options from selection list ``locator`` by ``values``.</doc>
<arguments>
<arg>xpath=//select[@name="period_selected"]</arg>
<arg>${period}</arg>
</arguments>
<msg timestamp="20180428 00:29:59.429" level="INFO">Selecting options from selection list 'xpath=//select[@name="period_selected"]' by value 0.</msg>
<status status="PASS" starttime="20180428 00:29:59.428" endtime="20180428 00:29:59.488"></status>
</kw>
<kw name="Select From List By Label" library="Selenium2Library">
<doc>Selects options from selection list ``locator`` by ``labels``.</doc>
<arguments>
<arg>xpath=//select[@name="major_selected"]</arg>
<arg>${major}</arg>
</arguments>
<msg timestamp="20180428 00:29:59.489" level="INFO">Selecting options from selection list 'xpath=//select[@name="major_selected"]' by label Software Development.</msg>
<status status="PASS" starttime="20180428 00:29:59.489" endtime="20180428 00:29:59.590"></status>
</kw>
<kw name="Click Button" library="Selenium2Library">
<doc>Clicks button identified by ``locator``.</doc>
<arguments>
<arg>สร้างตาราง</arg>
</arguments>
<msg timestamp="20180428 00:29:59.591" level="INFO">Clicking button 'สร้างตาราง'.</msg>
<status status="PASS" starttime="20180428 00:29:59.591" endtime="20180428 00:30:00.999"></status>
</kw>
<status status="PASS" starttime="20180428 00:29:59.080" endtime="20180428 00:30:01.000"></status>
</kw>
<kw name="Generate room">
<arguments>
<arg>${DATE2}</arg>
<arg>M21</arg>
<arg>0</arg>
<arg>Business Intelligence</arg>
</arguments>
<kw name="Focus" library="Selenium2Library">
<doc>Deprecated. Use `Set Focus To Element` instead.</doc>
<arguments>
<arg>jquery=[name=date_selected]</arg>
</arguments>
<status status="PASS" starttime="20180428 00:30:01.002" endtime="20180428 00:30:01.036"></status>
</kw>
<kw name="Clear Element Text" library="Selenium2Library">
<doc>Clears the value of text entry element identified by ``locator``.</doc>
<arguments>
<arg>xpath=//input[@name='date_selected']</arg>
</arguments>
<status status="PASS" starttime="20180428 00:30:01.036" endtime="20180428 00:30:01.077"></status>
</kw>
<kw name="Press Key" library="Selenium2Library">
<doc>Simulates user pressing key on element identified by ``locator``.</doc>
<arguments>
<arg>jquery=[name=date_selected]</arg>
<arg>${date}</arg>
</arguments>
<status status="PASS" starttime="20180428 00:30:01.077" endtime="20180428 00:30:01.241"></status>
</kw>
<kw name="Select From List By Label" library="Selenium2Library">
<doc>Selects options from selection list ``locator`` by ``labels``.</doc>
<arguments>
<arg>xpath=//select[@name="room_selected"]</arg>
<arg>${room}</arg>
</arguments>
<msg timestamp="20180428 00:30:01.242" level="INFO">Selecting options from selection list 'xpath=//select[@name="room_selected"]' by label M21.</msg>
<status status="PASS" starttime="20180428 00:30:01.241" endtime="20180428 00:30:01.336"></status>
</kw>
<kw name="Select From List By Value" library="Selenium2Library">
<doc>Selects options from selection list ``locator`` by ``values``.</doc>
<arguments>
<arg>xpath=//select[@name="period_selected"]</arg>
<arg>${period}</arg>
</arguments>
<msg timestamp="20180428 00:30:01.337" level="INFO">Selecting options from selection list 'xpath=//select[@name="period_selected"]' by value 0.</msg>
<status status="PASS" starttime="20180428 00:30:01.337" endtime="20180428 00:30:01.394"></status>
</kw>
<kw name="Select From List By Label" library="Selenium2Library">
<doc>Selects options from selection list ``locator`` by ``labels``.</doc>
<arguments>
<arg>xpath=//select[@name="major_selected"]</arg>
<arg>${major}</arg>
</arguments>
<msg timestamp="20180428 00:30:01.394" level="INFO">Selecting options from selection list 'xpath=//select[@name="major_selected"]' by label Business Intelligence.</msg>
<status status="PASS" starttime="20180428 00:30:01.394" endtime="20180428 00:30:01.456"></status>
</kw>
<kw name="Click Button" library="Selenium2Library">
<doc>Clicks button identified by ``locator``.</doc>
<arguments>
<arg>สร้างตาราง</arg>
</arguments>
<msg timestamp="20180428 00:30:01.456" level="INFO">Clicking button 'สร้างตาราง'.</msg>
<status status="PASS" starttime="20180428 00:30:01.456" endtime="20180428 00:30:02.267"></status>
</kw>
<status status="PASS" starttime="20180428 00:30:01.001" endtime="20180428 00:30:02.267"></status>
</kw>
<kw name="Generate room">
<arguments>
<arg>${DATE2}</arg>
<arg>M23</arg>
<arg>1</arg>
<arg>Network and Communication</arg>
</arguments>
<kw name="Focus" library="Selenium2Library">
<doc>Deprecated. Use `Set Focus To Element` instead.</doc>
<arguments>
<arg>jquery=[name=date_selected]</arg>
</arguments>
<status status="PASS" starttime="20180428 00:30:02.269" endtime="20180428 00:30:02.305"></status>
</kw>
<kw name="Clear Element Text" library="Selenium2Library">
<doc>Clears the value of text entry element identified by ``locator``.</doc>
<arguments>
<arg>xpath=//input[@name='date_selected']</arg>
</arguments>
<status status="PASS" starttime="20180428 00:30:02.305" endtime="20180428 00:30:02.344"></status>
</kw>
<kw name="Press Key" library="Selenium2Library">
<doc>Simulates user pressing key on element identified by ``locator``.</doc>
<arguments>
<arg>jquery=[name=date_selected]</arg>
<arg>${date}</arg>
</arguments>
<status status="PASS" starttime="20180428 00:30:02.344" endtime="20180428 00:30:02.521"></status>
</kw>
<kw name="Select From List By Label" library="Selenium2Library">
<doc>Selects options from selection list ``locator`` by ``labels``.</doc>
<arguments>
<arg>xpath=//select[@name="room_selected"]</arg>
<arg>${room}</arg>
</arguments>
<msg timestamp="20180428 00:30:02.522" level="INFO">Selecting options from selection list 'xpath=//select[@name="room_selected"]' by label M23.</msg>
<status status="PASS" starttime="20180428 00:30:02.521" endtime="20180428 00:30:02.618"></status>
</kw>
<kw name="Select From List By Value" library="Selenium2Library">
<doc>Selects options from selection list ``locator`` by ``values``.</doc>
<arguments>
<arg>xpath=//select[@name="period_selected"]</arg>
<arg>${period}</arg>
</arguments>
<msg timestamp="20180428 00:30:02.619" level="INFO">Selecting options from selection list 'xpath=//select[@name="period_selected"]' by value 1.</msg>
<status status="PASS" starttime="20180428 00:30:02.618" endtime="20180428 00:30:02.722"></status>
</kw>
<kw name="Select From List By Label" library="Selenium2Library">
<doc>Selects options from selection list ``locator`` by ``labels``.</doc>
<arguments>
<arg>xpath=//select[@name="major_selected"]</arg>
<arg>${major}</arg>
</arguments>
<msg timestamp="20180428 00:30:02.723" level="INFO">Selecting options from selection list 'xpath=//select[@name="major_selected"]' by label Network and Communication.</msg>
<status status="PASS" starttime="20180428 00:30:02.722" endtime="20180428 00:30:02.823"></status>
</kw>
<kw name="Click Button" library="Selenium2Library">
<doc>Clicks button identified by ``locator``.</doc>
<arguments>
<arg>สร้างตาราง</arg>
</arguments>
<msg timestamp="20180428 00:30:02.824" level="INFO">Clicking button 'สร้างตาราง'.</msg>
<status status="PASS" starttime="20180428 00:30:02.823" endtime="20180428 00:30:03.719"></status>
</kw>
<status status="PASS" starttime="20180428 00:30:02.268" endtime="20180428 00:30:03.719"></status>
</kw>
<kw name="Sleep" library="BuiltIn">
<doc>Pauses the test executed for the given time.</doc>
<arguments>
<arg>${FIVESECOND}</arg>
</arguments>
<msg timestamp="20180428 00:30:08.730" level="INFO">Slept 5 seconds</msg>
<status status="PASS" starttime="20180428 00:30:03.720" endtime="20180428 00:30:08.730"></status>
</kw>
<status status="PASS" starttime="20180428 00:29:36.674" endtime="20180428 00:30:08.730" critical="yes"></status>
</test>
<kw name="Stop Django and close Browser" type="teardown">
<kw name="Close Browser" library="Selenium2Library">
<doc>Closes the current browser.</doc>
<status status="PASS" starttime="20180428 00:30:08.730" endtime="20180428 00:30:12.009"></status>
</kw>
<status status="PASS" starttime="20180428 00:30:08.730" endtime="20180428 00:30:12.009"></status>
</kw>
<status status="PASS" starttime="20180428 00:29:24.101" endtime="20180428 00:30:12.009"></status>
</suite>
<statistics>
<total>
<stat pass="3" fail="0">Critical Tests</stat>
<stat pass="3" fail="0">All Tests</stat>
</total>
<tag>
</tag>
<suite>
<stat pass="3" fail="0" id="s1" name="Senior Test">Senior Test</stat>
</suite>
</statistics>
<errors>
</errors>
</robot>
